File name	Line	Function	Duration[ms]	Explored nodes
C:\Users\Cezar\source\repos\CinemaApp\CinemaApp\Data\Migrations\00000000000000_CreateIdentitySchema.cs	195	_CinemaApp.Data.Migrations.CreateIdentitySchema.Down$Microsoft.EntityFrameworkCore.Migrations.MigrationBuilder$	0	3
C:\Users\Cezar\source\repos\CinemaApp\CinemaApp\Data\Migrations\20200702120930_extend_IdentityUser.cs	6	_CinemaApp.Data.Migrations.extend_IdentityUser.Up$Microsoft.EntityFrameworkCore.Migrations.MigrationBuilder$	0	3
C:\Users\Cezar\source\repos\CinemaApp\CinemaApp\Data\Migrations\20200702120930_extend_IdentityUser.cs	14	_CinemaApp.Data.Migrations.extend_IdentityUser.Down$Microsoft.EntityFrameworkCore.Migrations.MigrationBuilder$	0	3
C:\Users\Cezar\source\repos\CinemaApp\CinemaApp\Data\Migrations\20200702122615_MovieField.cs	44	_CinemaApp.Data.Migrations.MovieField.Down$Microsoft.EntityFrameworkCore.Migrations.MigrationBuilder$	0	3
C:\Users\Cezar\source\repos\CinemaApp\CinemaApp\Data\Migrations\20200702123358_GenreType.cs	40	_CinemaApp.Data.Migrations.GenreType.Down$Microsoft.EntityFrameworkCore.Migrations.MigrationBuilder$	0	3
C:\Users\Cezar\source\repos\CinemaApp\CinemaApp\Data\Migrations\20200702135238_Movies_Genre.cs	6	_CinemaApp.Data.Migrations.Movies_Genre.Up$Microsoft.EntityFrameworkCore.Migrations.MigrationBuilder$	0	3
C:\Users\Cezar\source\repos\CinemaApp\CinemaApp\Data\Migrations\20200702135238_Movies_Genre.cs	64	_CinemaApp.Data.Migrations.Movies_Genre.Down$Microsoft.EntityFrameworkCore.Migrations.MigrationBuilder$	0	3
C:\Users\Cezar\source\repos\CinemaApp\CinemaApp\Data\Migrations\20200703192828_MoviePhoto.cs	6	_CinemaApp.Data.Migrations.MoviePhoto.Up$Microsoft.EntityFrameworkCore.Migrations.MigrationBuilder$	0	3
C:\Users\Cezar\source\repos\CinemaApp\CinemaApp\Data\Migrations\20200703192828_MoviePhoto.cs	14	_CinemaApp.Data.Migrations.MoviePhoto.Down$Microsoft.EntityFrameworkCore.Migrations.MigrationBuilder$	0	3
C:\Users\Cezar\source\repos\CinemaApp\CinemaApp\Data\Migrations\20200707200647_UserReservation.cs	53	_CinemaApp.Data.Migrations.UserReservation.Down$Microsoft.EntityFrameworkCore.Migrations.MigrationBuilder$	0	3
C:\Users\Cezar\source\repos\CinemaApp\CinemaApp\Data\Migrations\20200707202430_MovieReservation.cs	6	_CinemaApp.Data.Migrations.MovieReservation.Up$Microsoft.EntityFrameworkCore.Migrations.MigrationBuilder$	0	3
C:\Users\Cezar\source\repos\CinemaApp\CinemaApp\Data\Migrations\20200707202430_MovieReservation.cs	27	_CinemaApp.Data.Migrations.MovieReservation.Down$Microsoft.EntityFrameworkCore.Migrations.MigrationBuilder$	0	3
C:\Users\Cezar\source\repos\CinemaApp\CinemaApp\Data\Migrations\20200709144138_DurationMovie.cs	6	_CinemaApp.Data.Migrations.DurationMovie.Up$Microsoft.EntityFrameworkCore.Migrations.MigrationBuilder$	0	3
C:\Users\Cezar\source\repos\CinemaApp\CinemaApp\Data\Migrations\20200709144138_DurationMovie.cs	15	_CinemaApp.Data.Migrations.DurationMovie.Down$Microsoft.EntityFrameworkCore.Migrations.MigrationBuilder$	0	3
C:\Users\Cezar\source\repos\CinemaApp\CinemaApp\Data\Migrations\20200724150229_Reservation.cs	6	_CinemaApp.Data.Migrations.Reservation.Up$Microsoft.EntityFrameworkCore.Migrations.MigrationBuilder$	0	3
C:\Users\Cezar\source\repos\CinemaApp\CinemaApp\Data\Migrations\20200821165028_MovieGenre.cs	50	_CinemaApp.Data.Migrations.MovieGenre.Down$Microsoft.EntityFrameworkCore.Migrations.MigrationBuilder$	0	3
C:\Users\Cezar\source\repos\CinemaApp\CinemaApp\Data\Migrations\20200830161153_Reservation-Cinema-Seat.cs	131	_CinemaApp.Data.Migrations.ReservationCinemaSeat.Down$Microsoft.EntityFrameworkCore.Migrations.MigrationBuilder$	0	3
C:\Users\Cezar\source\repos\CinemaApp\CinemaApp\Data\Migrations\20200830213257_SeedSeatCompleted.cs	6	_CinemaApp.Data.Migrations.SeedSeatCompleted.Up$Microsoft.EntityFrameworkCore.Migrations.MigrationBuilder$	0	3
C:\Users\Cezar\source\repos\CinemaApp\CinemaApp\Data\Migrations\20200830213257_SeedSeatCompleted.cs	14	_CinemaApp.Data.Migrations.SeedSeatCompleted.Down$Microsoft.EntityFrameworkCore.Migrations.MigrationBuilder$	0	3
C:\Users\Cezar\source\repos\CinemaApp\CinemaApp\Data\Migrations\20200906151626_RunningTime.cs	41	_CinemaApp.Data.Migrations.RunningTime.Down$Microsoft.EntityFrameworkCore.Migrations.MigrationBuilder$	0	3
C:\Users\Cezar\source\repos\CinemaApp\CinemaApp\Data\Migrations\20200906195611_RunningTimess.cs	6	_CinemaApp.Data.Migrations.RunningTimess.Up$Microsoft.EntityFrameworkCore.Migrations.MigrationBuilder$	0	3
C:\Users\Cezar\source\repos\CinemaApp\CinemaApp\Data\Migrations\20200906195611_RunningTimess.cs	51	_CinemaApp.Data.Migrations.RunningTimess.Down$Microsoft.EntityFrameworkCore.Migrations.MigrationBuilder$	0	3
C:\Users\Cezar\source\repos\CinemaApp\CinemaApp\Data\Migrations\20200913090243_DeleteField.cs	7	_CinemaApp.Data.Migrations.DeleteField.Up$Microsoft.EntityFrameworkCore.Migrations.MigrationBuilder$	0	3
C:\Users\Cezar\source\repos\CinemaApp\CinemaApp\Data\Migrations\20200913090243_DeleteField.cs	14	_CinemaApp.Data.Migrations.DeleteField.Down$Microsoft.EntityFrameworkCore.Migrations.MigrationBuilder$	0	3
C:\Users\Cezar\source\repos\CinemaApp\CinemaApp\Data\Migrations\20200914221156_AddStartDatePK.cs	6	_CinemaApp.Data.Migrations.AddStartDatePK.Up$Microsoft.EntityFrameworkCore.Migrations.MigrationBuilder$	0	3
C:\Users\Cezar\source\repos\CinemaApp\CinemaApp\Data\Migrations\20200914221156_AddStartDatePK.cs	18	_CinemaApp.Data.Migrations.AddStartDatePK.Down$Microsoft.EntityFrameworkCore.Migrations.MigrationBuilder$	0	3
C:\Users\Cezar\source\repos\CinemaApp\CinemaApp\Data\Migrations\20200916170221_SeatNR.cs	6	_CinemaApp.Data.Migrations.SeatNR.Up$Microsoft.EntityFrameworkCore.Migrations.MigrationBuilder$	0	3
C:\Users\Cezar\source\repos\CinemaApp\CinemaApp\Data\Migrations\20200916170221_SeatNR.cs	14	_CinemaApp.Data.Migrations.SeatNR.Down$Microsoft.EntityFrameworkCore.Migrations.MigrationBuilder$	0	3
C:\Users\Cezar\source\repos\CinemaApp\CinemaApp\Data\Migrations\20201210131410_Location.cs	40	_CinemaApp.Data.Migrations.Location.Down$Microsoft.EntityFrameworkCore.Migrations.MigrationBuilder$	0	3
C:\Users\Cezar\source\repos\CinemaApp\CinemaApp\Data\Migrations\20201210160312_Locations.cs	6	_CinemaApp.Data.Migrations.Locations.Up$Microsoft.EntityFrameworkCore.Migrations.MigrationBuilder$	0	3
C:\Users\Cezar\source\repos\CinemaApp\CinemaApp\Data\Migrations\20201210160312_Locations.cs	34	_CinemaApp.Data.Migrations.Locations.Down$Microsoft.EntityFrameworkCore.Migrations.MigrationBuilder$	0	3
C:\Users\Cezar\source\repos\CinemaApp\CinemaApp\Areas\Identity\Pages\Account\AccessDenied.cshtml.cs	10	_CinemaApp.Areas.Identity.Pages.Account.AccessDeniedModel.OnGet$$	0	2
C:\Users\Cezar\source\repos\CinemaApp\CinemaApp\Areas\Identity\Pages\Account\Manage\EnableAuthenticator.cshtml.cs	130	_CinemaApp.Areas.Identity.Pages.Account.Manage.EnableAuthenticatorModel.FormatKey$string$	40	553
C:\Users\Cezar\source\repos\CinemaApp\CinemaApp\Areas\Identity\Pages\Account\Manage\EnableAuthenticator.cshtml.cs	147	_CinemaApp.Areas.Identity.Pages.Account.Manage.EnableAuthenticatorModel.GenerateQrCodeUri$string.string$	0	2
C:\Users\Cezar\source\repos\CinemaApp\CinemaApp\Areas\Identity\Pages\Account\ExternalLogin.cshtml.cs	56	_CinemaApp.Areas.Identity.Pages.Account.ExternalLoginModel.OnGetAsync$$	0	2
C:\Users\Cezar\source\repos\CinemaApp\CinemaApp\Areas\Identity\Pages\Account\ExternalLogin.cshtml.cs	61	_CinemaApp.Areas.Identity.Pages.Account.ExternalLoginModel.OnPost$string.string$	0	2
C:\Users\Cezar\source\repos\CinemaApp\CinemaApp\Areas\Identity\Pages\Account\ForgotPasswordConfirmation.cshtml.cs	11	_CinemaApp.Areas.Identity.Pages.Account.ForgotPasswordConfirmation.OnGet$$	0	2
C:\Users\Cezar\source\repos\CinemaApp\CinemaApp\Controllers\HomeController.cs	27	_CinemaApp.Controllers.HomeController.Index$$	0	2
C:\Users\Cezar\source\repos\CinemaApp\CinemaApp\Controllers\HomeController.cs	32	_CinemaApp.Controllers.HomeController.Privacy$$	0	2
C:\Users\Cezar\source\repos\CinemaApp\CinemaApp\Controllers\LocationController.cs	13	_CinemaApp.Controllers.LocationController.Index$$	0	2
C:\Users\Cezar\source\repos\CinemaApp\CinemaApp\Areas\Identity\Pages\Account\Lockout.cshtml.cs	12	_CinemaApp.Areas.Identity.Pages.Account.LockoutModel.OnGet$$	0	2
C:\Users\Cezar\source\repos\CinemaApp\CinemaApp\Areas\Identity\Pages\Account\Logout.cshtml.cs	25	_CinemaApp.Areas.Identity.Pages.Account.LogoutModel.OnGet$$	0	2
C:\Users\Cezar\source\repos\CinemaApp\CinemaApp\Program.cs	13	_CinemaApp.Program.Main$string$$$	0	3
C:\Users\Cezar\source\repos\CinemaApp\CinemaApp\Areas\Identity\Pages\Account\ResendEmailConfirmation.cshtml.cs	38	_CinemaApp.Areas.Identity.Pages.Account.ResendEmailConfirmationModel.OnGet$$	0	2
C:\Users\Cezar\source\repos\CinemaApp\CinemaApp\Areas\Identity\Pages\Account\ResetPassword.cshtml.cs	47	_CinemaApp.Areas.Identity.Pages.Account.ResetPasswordModel.OnGet$string$	0	4
C:\Users\Cezar\source\repos\CinemaApp\CinemaApp\Areas\Identity\Pages\Account\ResetPasswordConfirmation.cshtml.cs	12	_CinemaApp.Areas.Identity.Pages.Account.ResetPasswordConfirmationModel.OnGet$$	0	2
